0 info it worked if it ends with ok
1 verbose cli [ '/usr/bin/node',
1 verbose cli   '/usr/bin/npm',
1 verbose cli   'install',
1 verbose cli   'gulp',
1 verbose cli   '--save-dev' ]
2 info using npm@1.4.28
3 info using node@v0.10.37
4 verbose node symlink /usr/bin/node
5 verbose cache add [ 'gulp', null ]
6 verbose cache add name=undefined spec="gulp" args=["gulp",null]
7 verbose parsed url { protocol: null,
7 verbose parsed url   slashes: null,
7 verbose parsed url   auth: null,
7 verbose parsed url   host: null,
7 verbose parsed url   port: null,
7 verbose parsed url   hostname: null,
7 verbose parsed url   hash: null,
7 verbose parsed url   search: null,
7 verbose parsed url   query: null,
7 verbose parsed url   pathname: 'gulp',
7 verbose parsed url   path: 'gulp',
7 verbose parsed url   href: 'gulp' }
8 silly lockFile 9750c68d-gulp gulp
9 verbose lock gulp /home/vagrant/.npm/9750c68d-gulp.lock
10 silly lockFile 9750c68d-gulp gulp
11 silly lockFile 9750c68d-gulp gulp
12 verbose addNamed [ 'gulp', '' ]
13 verbose addNamed [ null, '*' ]
14 silly lockFile 72f4391e-gulp gulp@
15 verbose lock gulp@ /home/vagrant/.npm/72f4391e-gulp.lock
16 silly addNameRange { name: 'gulp', range: '*', hasData: false }
17 verbose request where is /gulp
18 verbose request registry https://registry.npmjs.org/
19 verbose request id c2a56ada53d24dd3
20 verbose url raw /gulp
21 verbose url resolving [ 'https://registry.npmjs.org/', './gulp' ]
22 verbose url resolved https://registry.npmjs.org/gulp
23 verbose request where is https://registry.npmjs.org/gulp
24 info trying registry request attempt 1 at 11:23:50
25 verbose etag "EQ8ZCZKF3Y2D2KP2Z23OEF9X1"
26 http GET https://registry.npmjs.org/gulp
27 http 200 https://registry.npmjs.org/gulp
28 silly registry.get cb [ 200,
28 silly registry.get   { server: 'CouchDB/1.5.0 (Erlang OTP/R16B03)',
28 silly registry.get     etag: '"6TF190BZRI48YS69EBWIJ4ZKA"',
28 silly registry.get     'content-type': 'application/json',
28 silly registry.get     'cache-control': 'max-age=60',
28 silly registry.get     'content-length': '104743',
28 silly registry.get     'accept-ranges': 'bytes',
28 silly registry.get     date: 'Thu, 16 Jul 2015 16:23:53 GMT',
28 silly registry.get     via: '1.1 varnish',
28 silly registry.get     age: '7',
28 silly registry.get     connection: 'keep-alive',
28 silly registry.get     'x-served-by': 'cache-sjc3129-SJC',
28 silly registry.get     'x-cache': 'HIT',
28 silly registry.get     'x-cache-hits': '1',
28 silly registry.get     'x-timer': 'S1437063833.737097,VS0,VE0',
28 silly registry.get     vary: 'Accept' } ]
29 silly addNameRange number 2 { name: 'gulp', range: '*', hasData: true }
30 silly addNameRange versions [ 'gulp',
30 silly addNameRange   [ '0.0.1',
30 silly addNameRange     '0.0.2',
30 silly addNameRange     '0.0.3',
30 silly addNameRange     '0.0.4',
30 silly addNameRange     '0.0.5',
30 silly addNameRange     '0.0.7',
30 silly addNameRange     '0.0.8',
30 silly addNameRange     '0.0.9',
30 silly addNameRange     '0.1.0',
30 silly addNameRange     '0.2.0',
30 silly addNameRange     '1.0.0',
30 silly addNameRange     '1.1.0',
30 silly addNameRange     '1.2.0',
30 silly addNameRange     '1.2.1',
30 silly addNameRange     '2.0.0',
30 silly addNameRange     '2.0.1',
30 silly addNameRange     '2.1.0',
30 silly addNameRange     '2.2.0',
30 silly addNameRange     '2.3.0',
30 silly addNameRange     '2.4.0',
30 silly addNameRange     '2.4.1',
30 silly addNameRange     '2.6.0',
30 silly addNameRange     '2.6.1',
30 silly addNameRange     '2.7.0',
30 silly addNameRange     '3.0.0',
30 silly addNameRange     '3.1.1',
30 silly addNameRange     '3.1.2',
30 silly addNameRange     '3.1.3',
30 silly addNameRange     '3.1.4',
30 silly addNameRange     '3.2.0',
30 silly addNameRange     '3.2.1',
30 silly addNameRange     '3.2.2',
30 silly addNameRange     '3.2.3',
30 silly addNameRange     '3.2.4',
30 silly addNameRange     '3.2.5',
30 silly addNameRange     '3.3.0',
30 silly addNameRange     '3.3.1',
30 silly addNameRange     '3.3.2',
30 silly addNameRange     '3.3.4',
30 silly addNameRange     '3.4.0',
30 silly addNameRange     '3.5.0',
30 silly addNameRange     '3.5.1',
30 silly addNameRange     '3.5.2',
30 silly addNameRange     '3.5.5',
30 silly addNameRange     '3.5.6',
30 silly addNameRange     '3.6.0',
30 silly addNameRange     '3.6.1',
30 silly addNameRange     '3.6.2',
30 silly addNameRange     '3.7.0',
30 silly addNameRange     '3.8.0',
30 silly addNameRange     '3.8.1',
30 silly addNameRange     '3.8.2',
30 silly addNameRange     '3.8.3',
30 silly addNameRange     '3.8.4',
30 silly addNameRange     '3.8.5',
30 silly addNameRange     '3.8.6',
30 silly addNameRange     '3.8.7',
30 silly addNameRange     '3.8.8',
30 silly addNameRange     '3.8.9',
30 silly addNameRange     '3.8.10',
30 silly addNameRange     '3.8.11',
30 silly addNameRange     '3.9.0' ] ]
31 verbose addNamed [ 'gulp', '3.9.0' ]
32 verbose addNamed [ '3.9.0', '3.9.0' ]
33 silly lockFile c2697a61-gulp-3-9-0 gulp@3.9.0
34 verbose lock gulp@3.9.0 /home/vagrant/.npm/c2697a61-gulp-3-9-0.lock
35 silly lockFile af4766b8-ry-npmjs-org-gulp-gulp-3-9-0-tgz https://registry.npmjs.org/gulp/-/gulp-3.9.0.tgz
36 verbose lock https://registry.npmjs.org/gulp/-/gulp-3.9.0.tgz /home/vagrant/.npm/af4766b8-ry-npmjs-org-gulp-gulp-3-9-0-tgz.lock
37 verbose addRemoteTarball [ 'https://registry.npmjs.org/gulp/-/gulp-3.9.0.tgz',
37 verbose addRemoteTarball   'cf1fba4cb558bb8c6ae6c9613f583ae2620d214a' ]
38 info retry fetch attempt 1 at 11:23:55
39 verbose fetch to= /tmp/npm-4530-zKXyqhms/registry.npmjs.org/gulp/-/gulp-3.9.0.tgz
40 http GET https://registry.npmjs.org/gulp/-/gulp-3.9.0.tgz
41 http 200 https://registry.npmjs.org/gulp/-/gulp-3.9.0.tgz
42 silly lockFile af4766b8-ry-npmjs-org-gulp-gulp-3-9-0-tgz https://registry.npmjs.org/gulp/-/gulp-3.9.0.tgz
43 silly lockFile af4766b8-ry-npmjs-org-gulp-gulp-3-9-0-tgz https://registry.npmjs.org/gulp/-/gulp-3.9.0.tgz
44 silly lockFile c2697a61-gulp-3-9-0 gulp@3.9.0
45 silly lockFile c2697a61-gulp-3-9-0 gulp@3.9.0
46 silly lockFile 72f4391e-gulp gulp@
47 silly lockFile 72f4391e-gulp gulp@
48 error Error: EACCES, mkdir '/home/vagrant/.npm/gulp/3.9.0'
48 error  { [Error: EACCES, mkdir '/home/vagrant/.npm/gulp/3.9.0']
48 error   errno: 3,
48 error   code: 'EACCES',
48 error   path: '/home/vagrant/.npm/gulp/3.9.0' }
49 error Please try running this command again as root/Administrator.
50 error System Linux 3.2.0-23-generic-pae
51 error command "/usr/bin/node" "/usr/bin/npm" "install" "gulp" "--save-dev"
52 error cwd /home/misgastos
53 error node -v v0.10.37
54 error npm -v 1.4.28
55 error path /home/vagrant/.npm/gulp/3.9.0
56 error code EACCES
57 error errno 3
58 error stack Error: EACCES, mkdir '/home/vagrant/.npm/gulp/3.9.0'
59 verbose exit [ 3, true ]
